<?xml version="1.0" encoding="UTF-8"?>
<!-- Generated by org.testng.reporters.JUnitReportReporter -->
<testsuite hostname="DigVijay" failures="0" tests="1" name="com.crm.qa.cogmento.testcases.DealsPageTest" time="4.530" errors="0" timestamp="2023-09-13T17:31:09 IST" skipped="0">
  <testcase classname="com.crm.qa.cogmento.testcases.DealsPageTest" name="tc001_cogmento_deal" time="4.530"/>
</testsuite> <!-- com.crm.qa.cogmento.testcases.DealsPageTest -->
