<?xml version="1.0" encoding="UTF-8"?>
<!-- Generated by org.testng.reporters.JUnitReportReporter -->
<testsuite hostname="DigVijay" failures="0" tests="1" name="com.crm.qa.cogmento.testcases.CallsPageTest" time="10.574" errors="0" timestamp="2023-10-02T15:09:42 IST" skipped="0">
  <testcase classname="com.crm.qa.cogmento.testcases.CallsPageTest" name="tc_cogmento_callspage_066" time="10.574"/>
</testsuite> <!-- com.crm.qa.cogmento.testcases.CallsPageTest -->
