<?xml version="1.0" encoding="UTF-8"?>
<!-- Generated by org.testng.reporters.JUnitReportReporter -->
<testsuite hostname="DigVijay" failures="0" tests="1" name="com.crm.qa.cogmento.testcases.calendarPageTest" time="10.951" errors="0" timestamp="2023-09-27T17:52:25 IST" skipped="0">
  <testcase classname="com.crm.qa.cogmento.testcases.calendarPageTest" name="tc_cogmento_calendarpage_005" time="10.951"/>
</testsuite> <!-- com.crm.qa.cogmento.testcases.calendarPageTest -->
