<?xml version="1.0" encoding="UTF-8"?>
<!-- Generated by org.testng.reporters.JUnitReportReporter -->
<testsuite hostname="DigVijay" failures="0" tests="4" name="com.crm.qa.cogmento.testcases.HomePageTest" time="36.371" errors="0" timestamp="2023-10-09T14:52:51 IST" skipped="0">
  <testcase classname="com.crm.qa.cogmento.testcases.HomePageTest" name="tc_cogmento_homepage_001" time="5.688"/>
  <testcase classname="com.crm.qa.cogmento.testcases.HomePageTest" name="tc_cogmento_homepage_002" time="8.231"/>
  <testcase classname="com.crm.qa.cogmento.testcases.HomePageTest" name="tc_cogmento_homepage_004" time="14.207"/>
  <testcase classname="com.crm.qa.cogmento.testcases.HomePageTest" name="tc_cogmento_homepage_003" time="8.245"/>
</testsuite> <!-- com.crm.qa.cogmento.testcases.HomePageTest -->
