<?xml version="1.0" encoding="UTF-8"?>
<!-- Generated by org.testng.reporters.JUnitReportReporter -->
<testsuite hostname="DigVijay" failures="0" tests="1" name="com.crm.qa.cogmento.testcases.HomePageTest" time="8.148" errors="0" timestamp="2023-09-26T16:05:12 IST" skipped="0">
  <testcase classname="com.crm.qa.cogmento.testcases.HomePageTest" name="tc_cogmento_homepage_001" time="8.148"/>
</testsuite> <!-- com.crm.qa.cogmento.testcases.HomePageTest -->
