<?xml version="1.0" encoding="UTF-8"?>
<!-- Generated by org.testng.reporters.JUnitReportReporter -->
<testsuite hostname="DigVijay" failures="0" tests="1" name="com.crm.qa.cogmento.testcases.ContactsPageTest" time="30.386" errors="0" timestamp="2023-09-30T18:24:31 IST" skipped="0">
  <testcase classname="com.crm.qa.cogmento.testcases.ContactsPageTest" name="tc_cogmento_contactspage_020" time="30.386"/>
</testsuite> <!-- com.crm.qa.cogmento.testcases.ContactsPageTest -->
