<?xml version="1.0" encoding="UTF-8"?>
<!-- Generated by org.testng.reporters.JUnitReportReporter -->
<testsuite hostname="DigVijay" failures="0" tests="3" name="com.crm.qa.cogmento.testcases.HomePageTest" time="29.607" errors="0" timestamp="2023-09-29T13:22:14 IST" skipped="0">
  <testcase classname="com.crm.qa.cogmento.testcases.HomePageTest" name="tc_cogmento_homepage_002" time="9.616"/>
  <testcase classname="com.crm.qa.cogmento.testcases.HomePageTest" name="tc_cogmento_homepage_004" time="8.806"/>
  <testcase classname="com.crm.qa.cogmento.testcases.HomePageTest" name="tc_cogmento_homepage_001" time="11.185"/>
</testsuite> <!-- com.crm.qa.cogmento.testcases.HomePageTest -->
