<?xml version="1.0" encoding="UTF-8"?>
<!-- Generated by org.testng.reporters.JUnitReportReporter -->
<testsuite hostname="DigVijay" failures="0" tests="3" name="com.crm.qa.cogmento.testcases.DocumentsPageTest" time="24.024" errors="0" timestamp="2023-10-09T14:52:51 IST" skipped="0">
  <testcase classname="com.crm.qa.cogmento.testcases.DocumentsPageTest" name="tc_cogmento_documentspage_080" time="8.165"/>
  <testcase classname="com.crm.qa.cogmento.testcases.DocumentsPageTest" name="tc_cogmento_documentspage_079" time="7.932"/>
  <testcase classname="com.crm.qa.cogmento.testcases.DocumentsPageTest" name="tc_cogmento_documentspage_078" time="7.927"/>
</testsuite> <!-- com.crm.qa.cogmento.testcases.DocumentsPageTest -->
