<?xml version="1.0" encoding="UTF-8"?>
<!-- Generated by org.testng.reporters.JUnitReportReporter -->
<testsuite hostname="DigVijay" failures="0" tests="1" name="com.crm.qa.cogmento.testcases.flakeTest" time="13.485" errors="0" timestamp="2023-09-27T17:15:03 IST" skipped="0">
  <testcase classname="com.crm.qa.cogmento.testcases.flakeTest" name="tc_cogmento_homepage_001" time="13.485"/>
</testsuite> <!-- com.crm.qa.cogmento.testcases.flakeTest -->
