<?xml version="1.0" encoding="UTF-8"?>
<!-- Generated by org.testng.reporters.JUnitReportReporter -->
<testsuite hostname="DigVijay" failures="0" tests="1" name="com.crm.qa.cogmento.testcases.flakeTest" time="124.809" errors="0" timestamp="2023-10-04T10:15:33 IST" skipped="0">
  <testcase classname="com.crm.qa.cogmento.testcases.flakeTest" name="tc_cogmento_companiespage_088" time="124.809"/>
</testsuite> <!-- com.crm.qa.cogmento.testcases.flakeTest -->
